<?xml version="1.0" encoding="UTF-8"?>
<testng-results ignored="0" total="1" passed="1" failed="0" skipped="0">
  <reporter-output>
  </reporter-output>
  <suite started-at="2024-03-06T10:55:29 IST" name="Default suite" finished-at="2024-03-06T10:55:33 IST" duration-ms="4153">
    <groups>
    </groups>
    <test started-at="2024-03-06T10:55:29 IST" name="Default test" finished-at="2024-03-06T10:55:33 IST" duration-ms="4153">
      <class name="testpkg.Fblogincreatetest">
        <test-method is-config="true" signature="setup()[pri:0, instance:testpkg.Fblogincreatetest@5e600dd5]" started-at="2024-03-06T10:55:29 IST" name="setup" finished-at="2024-03-06T10:55:31 IST" duration-ms="2169" status="PASS">
          <reporter-output>
          </reporter-output>
        </test-method> <!-- setup -->
        <test-method signature="testlogin()[pri:0, instance:testpkg.Fblogincreatetest@5e600dd5]" started-at="2024-03-06T10:55:31 IST" name="testlogin" finished-at="2024-03-06T10:55:33 IST" duration-ms="1962" status="PASS">
          <reporter-output>
          </reporter-output>
        </test-method> <!-- testlogin -->
      </class> <!-- testpkg.Fblogincreatetest -->
    </test> <!-- Default test -->
  </suite> <!-- Default suite -->
</testng-results>
